<?xml version="1.0" encoding="UTF-8"?>
<!-- Generated by org.testng.reporters.JUnitReportReporter -->
<testsuite hostname="DESKTOP-PSF9OIV" failures="0" tests="3" name="Practice.Facebook" time="64.075" errors="0" timestamp="2023-12-23T23:42:10 IST" skipped="0">
  <testcase classname="Practice.Facebook" name="accountLogin" time="27.982"/>
  <testcase classname="Practice.Facebook" name="facebookLogin" time="29.403"/>
  <testcase classname="Practice.Facebook" name="screenShot" time="6.690"/>
</testsuite> <!-- Practice.Facebook -->
